# JRE version: Java(TM) SE Runtime Environment (8.0_101-b13) (build 1.8.0_101-b13)
# Java VM: Java HotSpot(TM) 64-Bit Server VM (25.101-b13 mixed mode windows-amd64 compressed oops)
Heap:
 PSYoungGen      total 18944K, used 3196K [0x00000000eb200000, 0x00000000ec700000, 0x0000000100000000)
  eden space 16384K, 3% used [0x00000000eb200000,0x00000000eb2a0b70,0x00000000ec200000)
  from space 2560K, 99% used [0x00000000ec200000,0x00000000ec47e870,0x00000000ec480000)
  to   space 2560K, 0% used [0x00000000ec480000,0x00000000ec480000,0x00000000ec700000)
 ParOldGen       total 44032K, used 11071K [0x00000000c1600000, 0x00000000c4100000, 0x00000000eb200000)
  object space 44032K, 25% used [0x00000000c1600000,0x00000000c20cfd78,0x00000000c4100000)
 Metaspace       used 10471K, capacity 10696K, committed 11008K, reserved 1058816K
  class space    used 1175K, capacity 1254K, committed 1280K, reserved 1048576K
GC Heap History (6 events):
Event: 4.065 GC heap before
{Heap before GC invocations=1 (full 0):
 PSYoungGen      total 18944K, used 14700K [0x00000000eb200000, 0x00000000ec700000, 0x0000000100000000)
  eden space 16384K, 89% used [0x00000000eb200000,0x00000000ec05b150,0x00000000ec200000)
  from space 2560K, 0% used [0x00000000ec480000,0x00000000ec480000,0x00000000ec700000)
  to   space 2560K, 0% used [0x00000000ec200000,0x00000000ec200000,0x00000000ec480000)
 ParOldGen       total 44032K, used 0K [0x00000000c1600000, 0x00000000c4100000, 0x00000000eb200000)
  object space 44032K, 0% used [0x00000000c1600000,0x00000000c1600000,0x00000000c4100000)
 Metaspace       used 9180K, capacity 9328K, committed 9472K, reserved 1056768K
  class space    used 1121K, capacity 1188K, committed 1280K, reserved 1048576K
Event: 4.102 GC heap after
Heap after GC invocations=1 (full 0):
 PSYoungGen      total 18944K, used 2533K [0x00000000eb200000, 0x00000000ec700000, 0x0000000100000000)
  eden space 16384K, 0% used [0x00000000eb200000,0x00000000eb200000,0x00000000ec200000)
  from space 2560K, 98% used [0x00000000ec200000,0x00000000ec4796e0,0x00000000ec480000)
  to   space 2560K, 0% used [0x00000000ec480000,0x00000000ec480000,0x00000000ec700000)
 ParOldGen       total 44032K, used 7477K [0x00000000c1600000, 0x00000000c4100000, 0x00000000eb200000)
  object space 44032K, 16% used [0x00000000c1600000,0x00000000c1d4d5f0,0x00000000c4100000)
 Metaspace       used 9180K, capacity 9328K, committed 9472K, reserved 1056768K
  class space    used 1121K, capacity 1188K, committed 1280K, reserved 1048576K
}
Event: 7.405 GC heap before
{Heap before GC invocations=2 (full 0):
 PSYoungGen      total 18944K, used 18777K [0x00000000eb200000, 0x00000000ec700000, 0x0000000100000000)
  eden space 16384K, 99% used [0x00000000eb200000,0x00000000ec1dcdc8,0x00000000ec200000)
  from space 2560K, 98% used [0x00000000ec200000,0x00000000ec4796e0,0x00000000ec480000)
  to   space 2560K, 0% used [0x00000000ec480000,0x00000000ec480000,0x00000000ec700000)
 ParOldGen       total 44032K, used 7477K [0x00000000c1600000, 0x00000000c4100000, 0x00000000eb200000)
  object space 44032K, 16% used [0x00000000c1600000,0x00000000c1d4d5f0,0x00000000c4100000)
 Metaspace       used 9736K, capacity 9884K, committed 10240K, reserved 1058816K
  class space    used 1162K, capacity 1222K, committed 1280K, reserved 1048576K
Event: 7.417 GC heap after
Heap after GC invocations=2 (full 0):
 PSYoungGen      total 18944K, used 2534K [0x00000000eb200000, 0x00000000ec700000, 0x0000000100000000)
  eden space 16384K, 0% used [0x00000000eb200000,0x00000000eb200000,0x00000000ec200000)
  from space 2560K, 99% used [0x00000000ec480000,0x00000000ec6f9bb8,0x00000000ec700000)
  to   space 2560K, 0% used [0x00000000ec200000,0x00000000ec200000,0x00000000ec480000)
 ParOldGen       total 44032K, used 11015K [0x00000000c1600000, 0x00000000c4100000, 0x00000000eb200000)
  object space 44032K, 25% used [0x00000000c1600000,0x00000000c20c1d78,0x00000000c4100000)
 Metaspace       used 9736K, capacity 9884K, committed 10240K, reserved 1058816K
  class space    used 1162K, capacity 1222K, committed 1280K, reserved 1048576K
}
Event: 24.452 GC heap before
{Heap before GC invocations=3 (full 0):
 PSYoungGen      total 18944K, used 18918K [0x00000000eb200000, 0x00000000ec700000, 0x0000000100000000)
  eden space 16384K, 100% used [0x00000000eb200000,0x00000000ec200000,0x00000000ec200000)
  from space 2560K, 99% used [0x00000000ec480000,0x00000000ec6f9bb8,0x00000000ec700000)
  to   space 2560K, 0% used [0x00000000ec200000,0x00000000ec200000,0x00000000ec480000)
 ParOldGen       total 44032K, used 11015K [0x00000000c1600000, 0x00000000c4100000, 0x00000000eb200000)
  object space 44032K, 25% used [0x00000000c1600000,0x00000000c20c1d78,0x00000000c4100000)
 Metaspace       used 10471K, capacity 10696K, committed 11008K, reserved 1058816K
  class space    used 1175K, capacity 1254K, committed 1280K, reserved 1048576K
Event: 24.493 GC heap after
Heap after GC invocations=3 (full 0):
 PSYoungGen      total 18944K, used 2554K [0x00000000eb200000, 0x00000000ec700000, 0x0000000100000000)
  eden space 16384K, 0% used [0x00000000eb200000,0x00000000eb200000,0x00000000ec200000)
  from space 2560K, 99% used [0x00000000ec200000,0x00000000ec47e870,0x00000000ec480000)
  to   space 2560K, 0% used [0x00000000ec480000,0x00000000ec480000,0x00000000ec700000)
 ParOldGen       total 44032K, used 11071K [0x00000000c1600000, 0x00000000c4100000, 0x00000000eb200000)
  object space 44032K, 25% used [0x00000000c1600000,0x00000000c20cfd78,0x00000000c4100000)
 Metaspace       used 10471K, capacity 10696K, committed 11008K, reserved 1058816K
  class space    used 1175K, capacity 1254K, committed 1280K, reserved 1048576K
}

